#
# A fatal error has been detected by the Java Runtime Environment:
#
#  EXCEPTION_ACCESS_VIOLATION (0xc0000005) at pc=0x00007ffe4134b661, pid=22216, tid=36688
#
# JRE version: Java(TM) SE Runtime Environment (24.0+36) (build 24+36-3646)
# Java VM: Java HotSpot(TM) 64-Bit Server VM (24+36-3646, mixed mode, sharing, tiered, compressed oops, compressed class ptrs, g1 gc, windows-amd64)
# Problematic frame:
# C  [awt.dll+0xdb661]
#
# No core dump will be written. Minidumps are not enabled by default on client versions of Windows
#
# If you would like to submit a bug report, please visit:
#   https://bugreport.java.com/bugreport/crash.jsp
# The crash happened outside the Java Virtual Machine in native code.
# See problematic frame for where to report the bug.
#

---------------  S U M M A R Y ------------

Command Line: com.estacionemaisf.EstacioneMaisF

Host: 12th Gen Intel(R) Core(TM) i5-1235U, 12 cores, 15G,  Windows 11 , 64 bit Build 26100 (10.0.26100.4202)
Time: Tue Aug 19 20:39:18 2025 Hora oficial do Brasil elapsed time: 87.008209 seconds (0d 0h 1m 27s)

---------------  T H R E A D  ---------------

Current thread (0x000002aacc196b10):  JavaThread "AWT-Windows" daemon [_thread_in_native, id=36688, stack(0x000000d4f6b00000,0x000000d4f6c00000) (1024K)]

Stack: [0x000000d4f6b00000,0x000000d4f6c00000],  sp=0x000000d4f6bfe9e0,  free space=1018k
Native frames: (J=compiled Java code, j=interpreted, Vv=VM code, C=native code)
C  [awt.dll+0xdb661]  (no source info available)
C  [awt.dll+0x975ac]  (no source info available)
C  [awt.dll+0x97656]  (no source info available)
C  [awt.dll+0x94a26]  (no source info available)
C  [awt.dll+0xdfa4c]  (no source info available)
C  [awt.dll+0xb0a7d]  (no source info available)
C  [awt.dll+0x97b8d]  (no source info available)
C  [USER32.dll+0xd159]  (no source info available)
C  [USER32.dll+0xcc6f]  (no source info available)
C  [awt.dll+0x161c3]  (no source info available)
C  [COMCTL32.dll+0x23a08]  (no source info available)
C  [COMCTL32.dll+0x237df]  (no source info available)
C  [USER32.dll+0xd159]  (no source info available)
C  [USER32.dll+0xb152]  (no source info available)
C  [awt.dll+0xd4cae]  (no source info available)
C  [awt.dll+0xd6aa2]  (no source info available)
C  0x000002aaf6fcce20  (no source info available)

The last pc belongs to native method entry point (kind = native) (printed below).
Java frames: (J=compiled Java code, j=interpreted, Vv=VM code)
j  sun.awt.windows.WToolkit.eventLoop()V+0 java.desktop@24
j  sun.awt.windows.WToolkit.run()V+56 java.desktop@24
j  java.lang.Thread.runWith(Ljava/lang/Object;Ljava/lang/Runnable;)V+5 java.base@24
j  java.lang.Thread.run()V+19 java.base@24
v  ~StubRoutines::call_stub 0x000002aaf6fc0fcd

siginfo: EXCEPTION_ACCESS_VIOLATION (0xc0000005), reading address 0x0000000000000008


Registers:
RAX=0x0000000000000000, RBX=0x000002aacc6940a0, RCX=0x0000000000000000, RDX=0x0000000000000000
RSP=0x000000d4f6bfe9e0, RBP=0x000000d4f6bfeae9, RSI=0xfffffffff5010622, RDI=0x0000000000000000
R8 =0x0000000000000001, R9 =0x000000d4f5319000, R10=0x0000000000000000, R11=0x0000000000000246
R12=0x0000000000000000, R13=0x0000000000000310, R14=0x0000000000000000, R15=0x0000000000000000
RIP=0x00007ffe4134b661, EFLAGS=0x0000000000010246

XMM[0]=0x0000000000000000 0x0000000000000000
XMM[1]=0x0000000000000000 0x0000000000000000
XMM[2]=0x0000000000000000 0x0000000000000000
XMM[3]=0x0000000000000000 0x0000000000000000
XMM[4]=0x0000000000000000 0x0000000000000000
XMM[5]=0x0000000000000000 0x0000000000000000
XMM[6]=0x0000000000000000 0x0000000000000000
XMM[7]=0x0000000000000000 0x0000000000000000
XMM[8]=0x0000000000000000 0x0000000000000000
XMM[9]=0x0000000000000000 0x0000000000000000
XMM[10]=0x0000000000000000 0x0000000000000000
XMM[11]=0x0000000000000000 0x0000000000000000
XMM[12]=0x0000000000000000 0x0000000000000000
XMM[13]=0x0000000000000000 0x0000000000000000
XMM[14]=0x0000000000000000 0x0000000000000000
XMM[15]=0x0000000000000000 0x0000000000000000
  MXCSR=0x00001fa0


Register to memory mapping:

RAX=0x0 is null
RBX=0x000002aacc6940a0 points into unknown readable memory: 0x000002aacc767670 | 70 76 76 cc aa 02 00 00
RCX=0x0 is null
RDX=0x0 is null
RSP=0x000000d4f6bfe9e0 is pointing into the stack for thread: 0x000002aacc196b10
RBP=0x000000d4f6bfeae9 is pointing into the stack for thread: 0x000002aacc196b10
RSI=0xfffffffff5010622 is an unknown value
RDI=0x0 is null
R8 =0x0000000000000001 is an unknown value
R9 =0x000000d4f5319000 points into unknown readable memory: 0x0000000000000000 | 00 00 00 00 00 00 00 00
R10=0x0 is null
R11=0x0000000000000246 is an unknown value
R12=0x0 is null
R13=0x0000000000000310 is an unknown value
R14=0x0 is null
R15=0x0 is null

Top of Stack: (sp=0x000000d4f6bfe9e0)
0x000000d4f6bfe9e0:   00007ffe413a7838 fffffffff5010622   8x:A....".......
0x000000d4f6bfe9f0:   0000000000000000 0000000000000000   ................
0x000000d4f6bfea00:   0000000000000000 00007ffe413075ac   .........u0A....
0x000000d4f6bfea10:   fffffffff5010622 000002aacc55af20   "....... .U.....
0x000000d4f6bfea20:   000002aacc6940a0 0000000000000000   .@i.............
0x000000d4f6bfea30:   0000000000000000 00007ffe41307656   ........Vv0A....
0x000000d4f6bfea40:   000002aacc55af20 00007ffe41270000    .U.......'A....
0x000000d4f6bfea50:   000000d4f6bfeb48 00007ffe95613a08   H........:a.....
0x000000d4f6bfea60:   0000000000000000 00007ffe41304a26   ........&J0A....
0x000000d4f6bfea70:   000002aacc55af20 0000000000000000    .U.............
0x000000d4f6bfea80:   00007ffe41307b30 00007ffeb29ec8ae   0{0A............
0x000000d4f6bfea90:   0000000000000000 000000000000c178   ........x.......
0x000000d4f6bfeaa0:   000000d4f6bfeb40 0000000000000001   @...............
0x000000d4f6bfeab0:   0000000000000000 000000d4f6bfeb48   ........H.......
0x000000d4f6bfeac0:   0000000000000000 0000000000000000   ................
0x000000d4f6bfead0:   0000000000000000 000002aacc196ed8   .........n......
0x000000d4f6bfeae0:   000002aacc55afc0 0000000000000000   ..U.............
0x000000d4f6bfeaf0:   0000000000000000 0000d7099ac38125   ........%.......
0x000000d4f6bfeb00:   0000000000000000 0000000000000000   ................
0x000000d4f6bfeb10:   0000000000000000 0000000000000000   ................
0x000000d4f6bfeb20:   0000000000000000 0000000000000310   ................
0x000000d4f6bfeb30:   0000000000000000 000002aacc55af20   ........ .U.....
0x000000d4f6bfeb40:   000002aacc55af20 00007ffe4134fa4c    .U.....L.4A....
0x000000d4f6bfeb50:   0000000000000000 0000ece27ba6289f   .........(.{....
0x000000d4f6bfeb60:   0000066821174b56 0000000000000022   VK.!h...".......
0x000000d4f6bfeb70:   000000000000c178 0000000000000000   x...............
0x000000d4f6bfeb80:   0000000000000000 00007ffeb26dd328   ........(.m.....
0x000000d4f6bfeb90:   0000000000000000 0000000000000001   ................
0x000000d4f6bfeba0:   0000000000000022 00007ffeb2a531cf   "........1......
0x000000d4f6bfebb0:   0000000000000310 00007ffeb26dc8ca   ..........m.....
0x000000d4f6bfebc0:   ffffffffffffffeb 0000d7099ac38005   ................
0x000000d4f6bfebd0:   000002aae54a0aa0 0000000000000000   ..J.............

Instructions: (pc=0x00007ffe4134b661)
  0x00007ffe4134b561:   83 ec 28 66 0f 6e c2 0f 5b c0 f3 0f 59 41 48 0f
  0x00007ffe4134b571:   5a c8 f2 0f 10 05 fd 35 03 00 f2 0f 5c 0d 85 36
  0x00007ffe4134b581:   01 00 66 0f 2f c1 76 0a b8 00 00 00 80 48 83 c4
  0x00007ffe4134b591:   28 c3 66 0f 2f 0d 05 80 02 00 76 0a b8 ff ff ff
  0x00007ffe4134b5a1:   7f 48 83 c4 28 c3 0f 28 c1 e8 9f fb 00 00 f2 0f
  0x00007ffe4134b5b1:   2c c0 48 83 c4 28 c3 cc cc cc cc cc cc cc cc 48
  0x00007ffe4134b5c1:   83 ec 28 66 0f 6e c2 0f 5b c0 f3 0f 59 41 4c 0f
  0x00007ffe4134b5d1:   5a c8 f2 0f 10 05 9d 35 03 00 f2 0f 5c 0d 25 36
  0x00007ffe4134b5e1:   01 00 66 0f 2f c1 76 0a b8 00 00 00 80 48 83 c4
  0x00007ffe4134b5f1:   28 c3 66 0f 2f 0d a5 7f 02 00 76 0a b8 ff ff ff
  0x00007ffe4134b601:   7f 48 83 c4 28 c3 0f 28 c1 e8 3f fb 00 00 f2 0f
  0x00007ffe4134b611:   2c c0 48 83 c4 28 c3 cc cc cc cc cc cc cc cc 48
  0x00007ffe4134b621:   8b 49 08 48 85 c9 0f 85 93 81 fe ff 33 c0 c3 48
  0x00007ffe4134b631:   89 5c 24 08 48 89 74 24 10 57 48 83 ec 20 8b fa
  0x00007ffe4134b641:   48 8b f1 e8 57 c6 f4 ff 48 8b d8 48 89 44 24 40
  0x00007ffe4134b651:   41 b8 01 00 00 00 8b d7 48 8b c8 e8 bf c5 f4 ff
=>0x00007ffe4134b661:   48 8b 48 08 48 85 c9 74 0d 48 8b d6 e8 4e 81 fe
  0x00007ffe4134b671:   ff 48 8b f8 eb 02 33 ff 48 8b cb e8 df c7 f4 ff
  0x00007ffe4134b681:   90 48 8b c7 48 8b 5c 24 30 48 8b 74 24 38 48 83
  0x00007ffe4134b691:   c4 20 5f c3 cc cc cc cc cc cc cc cc cc cc cc 48
  0x00007ffe4134b6a1:   8b 01 89 10 c3 cc cc cc cc cc cc cc cc cc cc 40
  0x00007ffe4134b6b1:   57 48 83 ec 40 48 83 79 38 00 48 8b f9 0f 84 96
  0x00007ffe4134b6c1:   01 00 00 48 8b 0d 25 87 06 00 ba 02 00 01 00 48
  0x00007ffe4134b6d1:   89 5c 24 58 48 89 74 24 68 e8 50 c5 00 00 4c 8b
  0x00007ffe4134b6e1:   05 52 8c 06 00 48 8b c8 48 8b 57 38 48 8b d8 4c
  0x00007ffe4134b6f1:   8b 08 41 ff 91 f8 02 00 00 48 8b f0 48 85 c0 0f
  0x00007ffe4134b701:   84 4a 01 00 00 4c 8b 0b 48 8b d0 4c 8b 05 15 8c
  0x00007ffe4134b711:   06 00 48 8b cb 41 ff 91 00 01 00 00 84 c0 0f 84
  0x00007ffe4134b721:   2b 01 00 00 48 8b 7f 08 48 8b d6 48 8b 03 48 8b
  0x00007ffe4134b731:   cb 4c 8b 05 07 8c 06 00 48 81 c7 00 04 00 00 48
  0x00007ffe4134b741:   89 6c 24 60 4c 89 64 24 38 ff 90 f8 02 00 00 4c
  0x00007ffe4134b751:   8b 0b 48 8b d6 4c 8b 05 eb 8b 06 00 48 8b cb 4c


Stack slot to memory mapping:

stack at sp + 0 slots: 0x00007ffe413a7838 awt.dll
stack at sp + 1 slots: 0xfffffffff5010622 is an unknown value
stack at sp + 2 slots: 0x0 is null
stack at sp + 3 slots: 0x0 is null
stack at sp + 4 slots: 0x0 is null
stack at sp + 5 slots: 0x00007ffe413075ac awt.dll
stack at sp + 6 slots: 0xfffffffff5010622 is an unknown value
stack at sp + 7 slots: 0x000002aacc55af20 points into unknown readable memory: 0x00007ffe4137a860 | 60 a8 37 41 fe 7f 00 00

Lock stack of current Java thread (top to bottom):

native method entry point (kind = native)  [0x000002aaf6fcca40, 0x000002aaf6fcd478]  2616 bytes
[MachCode]
  0x000002aaf6fcca40: 488b 4b08 | 0fb7 492e | 584c 8d74 | ccf8 6800 | 0000 0068 | 0000 0000 | 5055 488b | ec41 5568 
  0x000002aaf6fcca60: 0000 0000 | 4c8b 6b08 | 4d8d 6d38 | 5348 8b53 | 0848 8b52 | 0848 8b52 | 1848 8b52 | 7048 8b12 
  0x000002aaf6fcca80: 5248 8b53 | 1048 85d2 | 0f84 0700 | 0000 4881 | c208 0100 | 0052 488b | 5308 488b | 5208 488b 
  0x000002aaf6fccaa0: 5210 5249 | 8bc6 482b | c548 c1e8 | 0350 6800 | 0000 0068 | f7ff ffff | 41c6 8771 | 0400 0001 
  0x000002aaf6fccac0: 488b 4310 | 4885 c074 | 208b 88cc | 0000 0083 | c102 8988 | cc00 0000 | 2388 e000 | 0000 0f84 
  0x000002aaf6fccae0: e408 0000 | e9cd 0000 | 0048 8b43 | 1848 85c0 | 0f85 b000 | 0000 e805 | 0000 00e9 | 9900 0000 
  0x000002aaf6fccb00: 488b d348 | 8d44 2408 | 4c89 6dc0 | 498b cfc5 | f877 4989 | afb8 0300 | 0049 8987 | a803 0000 
  0x000002aaf6fccb20: 4883 ec20 | 40f6 c40f | 0f84 1900 | 0000 4883 | ec08 48b8 | 0031 0cdd | fd7f 0000 | ffd0 4883 
  0x000002aaf6fccb40: c408 e90c | 0000 0048 | b800 310c | ddfd 7f00 | 00ff d048 | 83c4 2049 | c787 a803 | 0000 0000 
  0x000002aaf6fccb60: 0000 49c7 | 87b8 0300 | 0000 0000 | 0049 c787 | b003 0000 | 0000 0000 | c5f8 7749 | 837f 0800 
  0x000002aaf6fccb80: 0f84 0500 | 0000 e935 | 43ff ff4c | 8b6d c04c | 8b75 c84e | 8d74 f500 | c348 8b43 | 1848 85c0 
  0x000002aaf6fccba0: 0f84 1000 | 0000 8b08 | 83c1 0289 | 0823 4814 | 0f84 1208 | 0000 493b | a7f0 0400 | 000f 8748 
  0x000002aaf6fccbc0: 0000 0089 | 8424 00f0 | ffff 8984 | 2400 e0ff | ff89 8424 | 00d0 ffff | 8984 2400 | c0ff ff89 
  0x000002aaf6fccbe0: 8424 00b0 | ffff 8984 | 2400 a0ff | ff89 8424 | 0090 ffff | 8984 2400 | 80ff ff49 | 3ba7 e804 
  0x000002aaf6fccc00: 0000 7607 | 4989 a7f0 | 0400 0041 | c687 7104 | 0000 0048 | 8b5d e84c | 8b5b 0845 | 0fb7 5b2e 
  0x000002aaf6fccc20: 41c1 e303 | 492b e348 | 83ec 2048 | 83e4 f04c | 8b5b 604d | 85db 0f85 | ab00 0000 | e805 0000 
  0x000002aaf6fccc40: 00e9 9900 | 0000 488b | d348 8d44 | 2408 4c89 | 6dc0 498b | cfc5 f877 | 4989 afb8 | 0300 0049 
  0x000002aaf6fccc60: 8987 a803 | 0000 4883 | ec20 40f6 | c40f 0f84 | 1900 0000 | 4883 ec08 | 48b8 405b | 0cdd fd7f 
  0x000002aaf6fccc80: 0000 ffd0 | 4883 c408 | e90c 0000 | 0048 b840 | 5b0c ddfd | 7f00 00ff | d048 83c4 | 2049 c787 
  0x000002aaf6fccca0: a803 0000 | 0000 0000 | 49c7 87b8 | 0300 0000 | 0000 0049 | c787 b003 | 0000 0000 | 0000 c5f8 
  0x000002aaf6fcccc0: 7749 837f | 0800 0f84 | 0500 0000 | e9ef 41ff | ff4c 8b6d | c04c 8b75 | c84e 8d74 | f500 c348 
  0x000002aaf6fccce0: 8b5d e84c | 8b5b 6041 | ffd3 488b | 5de8 4889 | 4518 448b | 5b28 41f6 | c308 0f84 | 1b00 0000 
  0x000002aaf6fccd00: 4c8b 5b08 | 4d8b 5b08 | 4d8b 5b18 | 4d8b 5b70 | 4d8b 1b4c | 895d 1048 | 8d55 1048 | 8b43 5849 
  0x000002aaf6fccd20: bad0 7145 | ddfd 7f00 | 0049 3bc2 | 0f85 ab00 | 0000 e805 | 0000 00e9 | 9900 0000 | 488b d348 
  0x000002aaf6fccd40: 8d44 2408 | 4c89 6dc0 | 498b cfc5 | f877 4989 | afb8 0300 | 0049 8987 | a803 0000 | 4883 ec20 
  0x000002aaf6fccd60: 40f6 c40f | 0f84 1900 | 0000 4883 | ec08 48b8 | 405b 0cdd | fd7f 0000 | ffd0 4883 | c408 e90c 
  0x000002aaf6fccd80: 0000 0048 | b840 5b0c | ddfd 7f00 | 00ff d048 | 83c4 2049 | c787 a803 | 0000 0000 | 0000 49c7 
  0x000002aaf6fccda0: 87b8 0300 | 0000 0000 | 0049 c787 | b003 0000 | 0000 0000 | c5f8 7749 | 837f 0800 | 0f84 0500 
  0x000002aaf6fccdc0: 0000 e9f9 | 40ff ff4c | 8b6d c04c | 8b75 c84e | 8d74 f500 | c348 8b5d | e848 8b43 | 5849 8d8f 
  0x000002aaf6fccde0: c803 0000 | 4c8d 15d5 | 0000 004d | 8997 b003 | 0000 c5f8 | 7749 89af | b803 0000 | 4989 a7a8 
  0x000002aaf6fcce00: 0300 0041 | c787 5404 | 0000 0400 | 0000 493b | a748 0500 | 0076 0749 | 89a7 4805 | 0000 ffd0 
  0x000002aaf6fcce20: 493b a748 | 0500 0072 | 0b49 c787 | 4805 0000 | 0000 0000 | c5f8 7748 | 83ec 10c5 | fb11 0424 
  0x000002aaf6fcce40: 4883 ec10 | 4889 0424 | 48c7 4424 | 0800 0000 | 0041 c787 | 5404 0000 | 0500 0000 | f083 4424 
  0x000002aaf6fcce60: c000 493b | 6f28 0f87 | 0e00 0000 | 4183 bf50 | 0400 0000 | 0f84 2000 | 0000 498b | cf4c 8be4 
  0x000002aaf6fcce80: 4883 ec20 | 4883 e4f0 | 48b8 c0ba | 0ddd fd7f | 0000 ffd0 | 498b e44d | 33e4 41c7 | 8754 0400 
  0x000002aaf6fccea0: 0008 0000 | 004d 8b97 | 7005 0000 | 4983 fa00 | 7435 49c7 | 8770 0500 | 0000 0000 | 0041 ffe2 
  0x000002aaf6fccec0: 49ba 00bb | fcf6 aa02 | 0000 41ff | d248 83ec | 10c5 fb11 | 0424 4883 | ec10 4889 | 0424 48c7 
  0x000002aaf6fccee0: 4424 0800 | 0000 0049 | c787 a803 | 0000 0000 | 0000 49c7 | 87b8 0300 | 0000 0000 | 0049 c787 
  0x000002aaf6fccf00: b003 0000 | 0000 0000 | c5f8 774d | 8b9f 3804 | 0000 41c7 | 8300 0100 | 0000 0000 | 0049 bb3a 
  0x000002aaf6fccf20: a4fc f6aa | 0200 004c | 3b5d 180f | 8555 0100 | 0048 8b04 | 2448 83c4 | 1048 85c0 | 0f84 2f01 
  0x000002aaf6fccf40: 0000 a803 | 0f85 0800 | 0000 488b | 00e9 1f01 | 0000 a801 | 0f85 0900 | 0000 488b | 40fe e90e 
  0x000002aaf6fccf60: 0100 0048 | 8b40 ff41 | 807f 4800 | 0f84 ff00 | 0000 4883 | f800 0f84 | f500 0000 | 4d8b 5f38 
  0x000002aaf6fccf80: 4d85 db0f | 8414 0000 | 0049 83eb | 084d 895f | 384d 035f | 4049 8903 | e9d4 0000 | 0048 83ec 
  0x000002aaf6fccfa0: 7048 8904 | 2448 894c | 2408 4889 | 5424 104c | 8944 2418 | 4c89 4c24 | 204c 8954 | 2428 4c89 
  0x000002aaf6fccfc0: 5c24 30c5 | fb11 4424 | 40c5 fb11 | 4c24 48c5 | fb11 5424 | 50c5 fb11 | 5c24 58c5 | fb11 6424 
  0x000002aaf6fccfe0: 60c5 fb11 | 6c24 6849 | 8bd7 488b | c848 83ec | 2040 f6c4 | 0f0f 8419 | 0000 0048 | 83ec 0848 
  0x000002aaf6fcd000: b830 4a00 | ddfd 7f00 | 00ff d048 | 83c4 08e9 | 0c00 0000 | 48b8 304a | 00dd fd7f | 0000 ffd0 
  0x000002aaf6fcd020: 4883 c420 | c5fb 106c | 2468 c5fb | 1064 2460 | c5fb 105c | 2458 c5fb | 1054 2450 | c5fb 104c 
  0x000002aaf6fcd040: 2448 c5fb | 1044 2440 | 4c8b 5c24 | 304c 8b54 | 2428 4c8b | 4c24 204c | 8b44 2418 | 488b 5424 
  0x000002aaf6fcd060: 1048 8b4c | 2408 488b | 0424 4883 | c470 c5f8 | 7748 8945 | 1048 83ec | 1048 8904 | 2448 c744 
  0x000002aaf6fcd080: 2408 0000 | 0000 4183 | bfd0 0400 | 0002 0f85 | bf00 0000 | 4881 ec80 | 0000 0048 | 8944 2478 
  0x000002aaf6fcd0a0: 4889 4c24 | 7048 8954 | 2468 4889 | 5c24 6048 | 896c 2450 | 4889 7424 | 4848 897c | 2440 4c89 
  0x000002aaf6fcd0c0: 4424 384c | 894c 2430 | 4c89 5424 | 284c 895c | 2420 4c89 | 6424 184c | 896c 2410 | 4c89 7424 
  0x000002aaf6fcd0e0: 084c 893c | 244c 8be4 | 4883 ec20 | 4883 e4f0 | 48b8 6058 | 45dd fd7f | 0000 ffd0 | 498b e44c 
  0x000002aaf6fcd100: 8b3c 244c | 8b74 2408 | 4c8b 6c24 | 104c 8b64 | 2418 4c8b | 5c24 204c | 8b54 2428 | 4c8b 4c24 
  0x000002aaf6fcd120: 304c 8b44 | 2438 488b | 7c24 4048 | 8b74 2448 | 488b 6c24 | 5048 8b5c | 2460 488b | 5424 6848 
  0x000002aaf6fcd140: 8b4c 2470 | 488b 4424 | 7848 81c4 | 8000 0000 | 4d33 e448 | 8b5d e84c | 8b6b 084d | 8d6d 3849 
  0x000002aaf6fcd160: 837f 0800 | 0f84 bb00 | 0000 e805 | 0000 00e9 | 9600 0000 | 488d 4424 | 084c 896d | c049 8bcf 
  0x000002aaf6fcd180: c5f8 7749 | 89af b803 | 0000 4989 | 87a8 0300 | 0048 83ec | 2040 f6c4 | 0f0f 8419 | 0000 0048 
  0x000002aaf6fcd1a0: 83ec 0848 | b8e0 790c | ddfd 7f00 | 00ff d048 | 83c4 08e9 | 0c00 0000 | 48b8 e079 | 0cdd fd7f 
  0x000002aaf6fcd1c0: 0000 ffd0 | 4883 c420 | 49c7 87a8 | 0300 0000 | 0000 0049 | c787 b803 | 0000 0000 | 0000 49c7 
  0x000002aaf6fcd1e0: 87b0 0300 | 0000 0000 | 00c5 f877 | 4983 7f08 | 000f 8405 | 0000 00e9 | c43c ffff | 4c8b 6dc0 
  0x000002aaf6fcd200: 4c8b 75c8 | 4e8d 74f5 | 00c3 48b9 | f8eb 6bdd | fd7f 0000 | 4883 e4f0 | 48b8 b0a9 | 32dd fd7f 
  0x000002aaf6fcd220: 0000 ffd0 | f444 8b5b | 2841 f6c3 | 200f 8472 | 0100 0048 | 8d55 a84c | 8b5a 084d | 85db 0f85 
  0x000002aaf6fcd240: bb00 0000 | e805 0000 | 00e9 9600 | 0000 488d | 4424 084c | 896d c049 | 8bcf c5f8 | 7749 89af 
  0x000002aaf6fcd260: b803 0000 | 4989 87a8 | 0300 0048 | 83ec 2040 | f6c4 0f0f | 8419 0000 | 0048 83ec | 0848 b810 
  0x000002aaf6fcd280: 790c ddfd | 7f00 00ff | d048 83c4 | 08e9 0c00 | 0000 48b8 | 1079 0cdd | fd7f 0000 | ffd0 4883 
  0x000002aaf6fcd2a0: c420 49c7 | 87a8 0300 | 0000 0000 | 0049 c787 | b803 0000 | 0000 0000 | 49c7 87b0 | 0300 0000 
  0x000002aaf6fcd2c0: 0000 00c5 | f877 4983 | 7f08 000f | 8405 0000 | 00e9 ea3b | ffff 4c8b | 6dc0 4c8b | 75c8 4e8d 
  0x000002aaf6fcd2e0: 74f5 00c3 | 48b9 f8eb | 6bdd fd7f | 0000 4883 | e4f0 48b8 | b0a9 32dd | fd7f 0000 | ffd0 f44c 
  0x000002aaf6fcd300: 896d c04c | 8b4a 0848 | c742 0800 | 0000 0045 | 8b87 5806 | 0000 4f3b | 4c07 f80f | 8542 0000 
  0x000002aaf6fcd320: 0041 83af | 5806 0000 | 084f 3b4c | 07f0 0f84 | 2a00 0000 | 498b 01a8 | 020f 8512 | 0000 004c 
  0x000002aaf6fcd340: 8bc0 4983 | c801 f04d | 0fb1 010f | 840d 0000 | 0041 8387 | 5806 0000 | 08e9 0500 | 0000 e93e 
  0x000002aaf6fcd360: 0000 004c | 894a 0848 | 8bca 4883 | ec20 40f6 | c40f 0f84 | 1900 0000 | 4883 ec08 | 48b8 304b 
  0x000002aaf6fcd380: 0cdd fd7f | 0000 ffd0 | 4883 c408 | e90c 0000 | 0048 b830 | 4b0c ddfd | 7f00 00ff | d048 83c4 
  0x000002aaf6fcd3a0: 204c 8b6d | c048 8b04 | 2448 83c4 | 10c5 fb10 | 0424 4883 | c410 4c8b | 5d18 41ff | d34c 8b5d 
  0x000002aaf6fcd3c0: f8c9 5f49 | 8be3 ffe7 | ba00 0000 | 00e8 0500 | 0000 e996 | 0000 0048 | 8d44 2408 | 4c89 6dc0 
  0x000002aaf6fcd3e0: 498b cfc5 | f877 4989 | afb8 0300 | 0049 8987 | a803 0000 | 4883 ec20 | 40f6 c40f | 0f84 1900 
  0x000002aaf6fcd400: 0000 4883 | ec08 48b8 | d03f 0cdd | fd7f 0000 | ffd0 4883 | c408 e90c | 0000 0048 | b8d0 3f0c 
  0x000002aaf6fcd420: ddfd 7f00 | 00ff d048 | 83c4 2049 | c787 a803 | 0000 0000 | 0000 49c7 | 87b8 0300 | 0000 0000 
  0x000002aaf6fcd440: 0049 c787 | b003 0000 | 0000 0000 | c5f8 7749 | 837f 0800 | 0f84 0500 | 0000 e961 | 3aff ff4c 
  0x000002aaf6fcd460: 8b6d c04c | 8b75 c84e | 8d74 f500 | c348 8b5d | e8e9 40f7 | ffff 6690 
[/MachCode]

---------------  P R O C E S S  ---------------

Threads class SMR info:
_java_thread_list=0x000002aacc761450, length=15, elements={
0x000002aa86b4bab0, 0x000002aa86b4c3f0, 0x000002aa86b520c0, 0x000002aa86b52bf0,
0x000002aa86b54e00, 0x000002aa86b56ec0, 0x000002aa86b5b410, 0x000002aa86b5e5b0,
0x000002aa86b7dd30, 0x000002aa86c22f50, 0x000002aa86f8e1e0, 0x000002aacc41ffb0,
0x000002aacc196b10, 0x000002aacc64e200, 0x000002aae4dd1420
}

Java Threads: ( => current thread )
  0x000002aa86b4bab0 JavaThread "Reference Handler"          daemon [_thread_blocked, id=30324, stack(0x000000d4f5f00000,0x000000d4f6000000) (1024K)]
  0x000002aa86b4c3f0 JavaThread "Finalizer"                  daemon [_thread_blocked, id=14800, stack(0x000000d4f6000000,0x000000d4f6100000) (1024K)]
  0x000002aa86b520c0 JavaThread "Signal Dispatcher"          daemon [_thread_blocked, id=36336, stack(0x000000d4f6100000,0x000000d4f6200000) (1024K)]
  0x000002aa86b52bf0 JavaThread "Attach Listener"            daemon [_thread_blocked, id=36940, stack(0x000000d4f6200000,0x000000d4f6300000) (1024K)]
  0x000002aa86b54e00 JavaThread "Service Thread"             daemon [_thread_blocked, id=34212, stack(0x000000d4f6300000,0x000000d4f6400000) (1024K)]
  0x000002aa86b56ec0 JavaThread "Monitor Deflation Thread"   daemon [_thread_blocked, id=37860, stack(0x000000d4f6400000,0x000000d4f6500000) (1024K)]
  0x000002aa86b5b410 JavaThread "C2 CompilerThread0"         daemon [_thread_blocked, id=20664, stack(0x000000d4f6500000,0x000000d4f6600000) (1024K)]
  0x000002aa86b5e5b0 JavaThread "C1 CompilerThread0"         daemon [_thread_blocked, id=26164, stack(0x000000d4f6600000,0x000000d4f6700000) (1024K)]
  0x000002aa86b7dd30 JavaThread "Notification Thread"        daemon [_thread_blocked, id=23780, stack(0x000000d4f6700000,0x000000d4f6800000) (1024K)]
  0x000002aa86c22f50 JavaThread "Common-Cleaner"             daemon [_thread_blocked, id=26808, stack(0x000000d4f6800000,0x000000d4f6900000) (1024K)]
  0x000002aa86f8e1e0 JavaThread "Java2D Disposer"            daemon [_thread_blocked, id=2776, stack(0x000000d4f6900000,0x000000d4f6a00000) (1024K)]
  0x000002aacc41ffb0 JavaThread "AWT-Shutdown"                      [_thread_blocked, id=17404, stack(0x000000d4f6a00000,0x000000d4f6b00000) (1024K)]
=>0x000002aacc196b10 JavaThread "AWT-Windows"                daemon [_thread_in_native, id=36688, stack(0x000000d4f6b00000,0x000000d4f6c00000) (1024K)]
  0x000002aacc64e200 JavaThread "AWT-EventQueue-0"                  [_thread_in_native, id=35372, stack(0x000000d4f7000000,0x000000d4f7100000) (1024K)]
  0x000002aae4dd1420 JavaThread "DestroyJavaVM"                     [_thread_blocked, id=11736, stack(0x000000d4f5700000,0x000000d4f5800000) (1024K)]
Total: 15

Other Threads:
  0x000002aa86b3bc70 VMThread "VM Thread"                           [id=7012, stack(0x000000d4f5e00000,0x000000d4f5f00000) (1024K)]
  0x000002aa86b2a350 WatcherThread "VM Periodic Task Thread"        [id=34612, stack(0x000000d4f5d00000,0x000000d4f5e00000) (1024K)]
  0x000002aae72506a0 WorkerThread "GC Thread#0"                     [id=29344, stack(0x000000d4f5800000,0x000000d4f5900000) (1024K)]
  0x000002aae72650c0 ConcurrentGCThread "G1 Main Marker"            [id=2024, stack(0x000000d4f5900000,0x000000d4f5a00000) (1024K)]
  0x000002aae7265bd0 WorkerThread "G1 Conc#0"                       [id=36324, stack(0x000000d4f5a00000,0x000000d4f5b00000) (1024K)]
  0x000002aa869db1d0 ConcurrentGCThread "G1 Refine#0"               [id=29560, stack(0x000000d4f5b00000,0x000000d4f5c00000) (1024K)]
  0x000002aa869dcb70 ConcurrentGCThread "G1 Service"                [id=36632, stack(0x000000d4f5c00000,0x000000d4f5d00000) (1024K)]
Total: 7

Threads with active compile tasks:
Total: 0

VM state: not at safepoint (normal execution)

VM Mutex/Monitor currently owned by a thread: None

Heap address: 0x0000000704e00000, size: 4018 MB, Compressed Oops mode: Zero based, Oop shift amount: 3

CDS archive(s) mapped at: [0x000002aa87000000-0x000002aa87d40000-0x000002aa87d40000), size 13893632, SharedBaseAddress: 0x000002aa87000000, ArchiveRelocationMode: 1.
Compressed class space mapped at: 0x000002aa88000000-0x000002aac8000000, reserved size: 1073741824
UseCompressedClassPointers 1, UseCompactObjectHeaders 0
Narrow klass pointer bits 32, Max shift 3
Narrow klass base: 0x000002aa87000000, Narrow klass shift: 0
Encoding Range: [0x000002aa87000000 - 0x000002ab87000000), (4294967296 bytes)
Klass Range:    [0x000002aa87000000 - 0x000002aac8000000), (1090519040 bytes)
Klass ID Range:  [8 - 1090519033) (1090519025)

GC Precious Log:
 CardTable entry size: 512
 Card Set container configuration: InlinePtr #cards 4 size 8 Array Of Cards #cards 16 size 48 Howl #buckets 8 coarsen threshold 3686 Howl Bitmap #cards 512 size 80 coarsen threshold 460 Card regions per heap region 1 cards per card region 4096
 CPUs: 12 total, 12 available
 Memory: 16068M
 Large Page Support: Disabled
 NUMA Support: Disabled
 Compressed Oops: Enabled (Zero based)
 Heap Region Size: 2M
 Heap Min Capacity: 8M
 Heap Initial Capacity: 252M
 Heap Max Capacity: 4018M
 Pre-touch: Disabled
 Parallel Workers: 10
 Concurrent Workers: 3
 Concurrent Refinement Workers: 10
 Periodic GC: Disabled

Heap:
 garbage-first heap   total reserved 4114432K, committed 260096K, used 35956K [0x0000000704e00000, 0x0000000800000000)
  region size 2048K, 9 young (18432K), 0 survivors (0K)
 Metaspace       used 7112K, committed 7296K, reserved 1114112K
  class space    used 590K, committed 704K, reserved 1048576K

Heap Regions: E=young(eden), S=young(survivor), O=old, HS=humongous(starts), HC=humongous(continues), CS=collection set, F=free, TAMS=top-at-mark-start, PB=parsable bottom
|   0|0x0000000704e00000, 0x0000000705000000, 0x0000000705000000|100%|HS|  |TAMS 0x0000000704e00000| PB 0x0000000704e00000| Complete |  0
|   1|0x0000000705000000, 0x0000000705200000, 0x0000000705200000|100%|HC|  |TAMS 0x0000000705000000| PB 0x0000000705000000| Complete |  0
|   2|0x0000000705200000, 0x0000000705400000, 0x0000000705400000|100%|HC|  |TAMS 0x0000000705200000| PB 0x0000000705200000| Complete |  0
|   3|0x0000000705400000, 0x0000000705600000, 0x0000000705600000|100%|HS|  |TAMS 0x0000000705400000| PB 0x0000000705400000| Complete |  0
|   4|0x0000000705600000, 0x0000000705800000, 0x0000000705800000|100%|HC|  |TAMS 0x0000000705600000| PB 0x0000000705600000| Complete |  0
|   5|0x0000000705800000, 0x0000000705a00000, 0x0000000705a00000|100%|HS|  |TAMS 0x0000000705800000| PB 0x0000000705800000| Complete |  0
|   6|0x0000000705a00000, 0x0000000705c00000, 0x0000000705c00000|100%|HC|  |TAMS 0x0000000705a00000| PB 0x0000000705a00000| Complete |  0
|   7|0x0000000705c00000, 0x0000000705e00000, 0x0000000705e00000|100%|HC|  |TAMS 0x0000000705c00000| PB 0x0000000705c00000| Complete |  0
|   8|0x0000000705e00000, 0x0000000706000000, 0x0000000706000000|100%|HC|  |TAMS 0x0000000705e00000| PB 0x0000000705e00000| Complete |  0
|   9|0x0000000706000000, 0x0000000706000000, 0x0000000706200000|  0%| F|  |TAMS 0x0000000706000000| PB 0x0000000706000000| Untracked |  0
|  10|0x0000000706200000, 0x0000000706200000, 0x0000000706400000|  0%| F|  |TAMS 0x0000000706200000| PB 0x0000000706200000| Untracked |  0
|  11|0x0000000706400000, 0x0000000706400000, 0x0000000706600000|  0%| F|  |TAMS 0x0000000706400000| PB 0x0000000706400000| Untracked |  0
|  12|0x0000000706600000, 0x0000000706600000, 0x0000000706800000|  0%| F|  |TAMS 0x0000000706600000| PB 0x0000000706600000| Untracked |  0
|  13|0x0000000706800000, 0x0000000706800000, 0x0000000706a00000|  0%| F|  |TAMS 0x0000000706800000| PB 0x0000000706800000| Untracked |  0
|  14|0x0000000706a00000, 0x0000000706a00000, 0x0000000706c00000|  0%| F|  |TAMS 0x0000000706a00000| PB 0x0000000706a00000| Untracked |  0
|  15|0x0000000706c00000, 0x0000000706c00000, 0x0000000706e00000|  0%| F|  |TAMS 0x0000000706c00000| PB 0x0000000706c00000| Untracked |  0
|  16|0x0000000706e00000, 0x0000000706e00000, 0x0000000707000000|  0%| F|  |TAMS 0x0000000706e00000| PB 0x0000000706e00000| Untracked |  0
|  17|0x0000000707000000, 0x0000000707000000, 0x0000000707200000|  0%| F|  |TAMS 0x0000000707000000| PB 0x0000000707000000| Untracked |  0
|  18|0x0000000707200000, 0x0000000707200000, 0x0000000707400000|  0%| F|  |TAMS 0x0000000707200000| PB 0x0000000707200000| Untracked |  0
|  19|0x0000000707400000, 0x0000000707400000, 0x0000000707600000|  0%| F|  |TAMS 0x0000000707400000| PB 0x0000000707400000| Untracked |  0
|  20|0x0000000707600000, 0x0000000707600000, 0x0000000707800000|  0%| F|  |TAMS 0x0000000707600000| PB 0x0000000707600000| Untracked |  0
|  21|0x0000000707800000, 0x0000000707800000, 0x0000000707a00000|  0%| F|  |TAMS 0x0000000707800000| PB 0x0000000707800000| Untracked |  0
|  22|0x0000000707a00000, 0x0000000707a00000, 0x0000000707c00000|  0%| F|  |TAMS 0x0000000707a00000| PB 0x0000000707a00000| Untracked |  0
|  23|0x0000000707c00000, 0x0000000707c00000, 0x0000000707e00000|  0%| F|  |TAMS 0x0000000707c00000| PB 0x0000000707c00000| Untracked |  0
|  24|0x0000000707e00000, 0x0000000707e00000, 0x0000000708000000|  0%| F|  |TAMS 0x0000000707e00000| PB 0x0000000707e00000| Untracked |  0
|  25|0x0000000708000000, 0x0000000708000000, 0x0000000708200000|  0%| F|  |TAMS 0x0000000708000000| PB 0x0000000708000000| Untracked |  0
|  26|0x0000000708200000, 0x0000000708200000, 0x0000000708400000|  0%| F|  |TAMS 0x0000000708200000| PB 0x0000000708200000| Untracked |  0
|  27|0x0000000708400000, 0x0000000708400000, 0x0000000708600000|  0%| F|  |TAMS 0x0000000708400000| PB 0x0000000708400000| Untracked |  0
|  28|0x0000000708600000, 0x0000000708600000, 0x0000000708800000|  0%| F|  |TAMS 0x0000000708600000| PB 0x0000000708600000| Untracked |  0
|  29|0x0000000708800000, 0x0000000708800000, 0x0000000708a00000|  0%| F|  |TAMS 0x0000000708800000| PB 0x0000000708800000| Untracked |  0
|  30|0x0000000708a00000, 0x0000000708a00000, 0x0000000708c00000|  0%| F|  |TAMS 0x0000000708a00000| PB 0x0000000708a00000| Untracked |  0
|  31|0x0000000708c00000, 0x0000000708c00000, 0x0000000708e00000|  0%| F|  |TAMS 0x0000000708c00000| PB 0x0000000708c00000| Untracked |  0
|  32|0x0000000708e00000, 0x0000000708e00000, 0x0000000709000000|  0%| F|  |TAMS 0x0000000708e00000| PB 0x0000000708e00000| Untracked |  0
|  33|0x0000000709000000, 0x0000000709000000, 0x0000000709200000|  0%| F|  |TAMS 0x0000000709000000| PB 0x0000000709000000| Untracked |  0
|  34|0x0000000709200000, 0x0000000709200000, 0x0000000709400000|  0%| F|  |TAMS 0x0000000709200000| PB 0x0000000709200000| Untracked |  0
|  35|0x0000000709400000, 0x0000000709400000, 0x0000000709600000|  0%| F|  |TAMS 0x0000000709400000| PB 0x0000000709400000| Untracked |  0
|  36|0x0000000709600000, 0x0000000709600000, 0x0000000709800000|  0%| F|  |TAMS 0x0000000709600000| PB 0x0000000709600000| Untracked |  0
|  37|0x0000000709800000, 0x0000000709800000, 0x0000000709a00000|  0%| F|  |TAMS 0x0000000709800000| PB 0x0000000709800000| Untracked |  0
|  38|0x0000000709a00000, 0x0000000709a00000, 0x0000000709c00000|  0%| F|  |TAMS 0x0000000709a00000| PB 0x0000000709a00000| Untracked |  0
|  39|0x0000000709c00000, 0x0000000709c00000, 0x0000000709e00000|  0%| F|  |TAMS 0x0000000709c00000| PB 0x0000000709c00000| Untracked |  0
|  40|0x0000000709e00000, 0x0000000709e00000, 0x000000070a000000|  0%| F|  |TAMS 0x0000000709e00000| PB 0x0000000709e00000| Untracked |  0
|  41|0x000000070a000000, 0x000000070a000000, 0x000000070a200000|  0%| F|  |TAMS 0x000000070a000000| PB 0x000000070a000000| Untracked |  0
|  42|0x000000070a200000, 0x000000070a200000, 0x000000070a400000|  0%| F|  |TAMS 0x000000070a200000| PB 0x000000070a200000| Untracked |  0
|  43|0x000000070a400000, 0x000000070a400000, 0x000000070a600000|  0%| F|  |TAMS 0x000000070a400000| PB 0x000000070a400000| Untracked |  0
|  44|0x000000070a600000, 0x000000070a600000, 0x000000070a800000|  0%| F|  |TAMS 0x000000070a600000| PB 0x000000070a600000| Untracked |  0
|  45|0x000000070a800000, 0x000000070a800000, 0x000000070aa00000|  0%| F|  |TAMS 0x000000070a800000| PB 0x000000070a800000| Untracked |  0
|  46|0x000000070aa00000, 0x000000070aa00000, 0x000000070ac00000|  0%| F|  |TAMS 0x000000070aa00000| PB 0x000000070aa00000| Untracked |  0
|  47|0x000000070ac00000, 0x000000070ac00000, 0x000000070ae00000|  0%| F|  |TAMS 0x000000070ac00000| PB 0x000000070ac00000| Untracked |  0
|  48|0x000000070ae00000, 0x000000070ae00000, 0x000000070b000000|  0%| F|  |TAMS 0x000000070ae00000| PB 0x000000070ae00000| Untracked |  0
|  49|0x000000070b000000, 0x000000070b000000, 0x000000070b200000|  0%| F|  |TAMS 0x000000070b000000| PB 0x000000070b000000| Untracked |  0
|  50|0x000000070b200000, 0x000000070b200000, 0x000000070b400000|  0%| F|  |TAMS 0x000000070b200000| PB 0x000000070b200000| Untracked |  0
|  51|0x000000070b400000, 0x000000070b400000, 0x000000070b600000|  0%| F|  |TAMS 0x000000070b400000| PB 0x000000070b400000| Untracked |  0
|  52|0x000000070b600000, 0x000000070b600000, 0x000000070b800000|  0%| F|  |TAMS 0x000000070b600000| PB 0x000000070b600000| Untracked |  0
|  53|0x000000070b800000, 0x000000070b800000, 0x000000070ba00000|  0%| F|  |TAMS 0x000000070b800000| PB 0x000000070b800000| Untracked |  0
|  54|0x000000070ba00000, 0x000000070ba00000, 0x000000070bc00000|  0%| F|  |TAMS 0x000000070ba00000| PB 0x000000070ba00000| Untracked |  0
|  55|0x000000070bc00000, 0x000000070bc00000, 0x000000070be00000|  0%| F|  |TAMS 0x000000070bc00000| PB 0x000000070bc00000| Untracked |  0
|  56|0x000000070be00000, 0x000000070be00000, 0x000000070c000000|  0%| F|  |TAMS 0x000000070be00000| PB 0x000000070be00000| Untracked |  0
|  57|0x000000070c000000, 0x000000070c000000, 0x000000070c200000|  0%| F|  |TAMS 0x000000070c000000| PB 0x000000070c000000| Untracked |  0
|  58|0x000000070c200000, 0x000000070c200000, 0x000000070c400000|  0%| F|  |TAMS 0x000000070c200000| PB 0x000000070c200000| Untracked |  0
|  59|0x000000070c400000, 0x000000070c400000, 0x000000070c600000|  0%| F|  |TAMS 0x000000070c400000| PB 0x000000070c400000| Untracked |  0
|  60|0x000000070c600000, 0x000000070c600000, 0x000000070c800000|  0%| F|  |TAMS 0x000000070c600000| PB 0x000000070c600000| Untracked |  0
|  61|0x000000070c800000, 0x000000070c800000, 0x000000070ca00000|  0%| F|  |TAMS 0x000000070c800000| PB 0x000000070c800000| Untracked |  0
|  62|0x000000070ca00000, 0x000000070ca00000, 0x000000070cc00000|  0%| F|  |TAMS 0x000000070ca00000| PB 0x000000070ca00000| Untracked |  0
|  63|0x000000070cc00000, 0x000000070cc00000, 0x000000070ce00000|  0%| F|  |TAMS 0x000000070cc00000| PB 0x000000070cc00000| Untracked |  0
|  64|0x000000070ce00000, 0x000000070ce00000, 0x000000070d000000|  0%| F|  |TAMS 0x000000070ce00000| PB 0x000000070ce00000| Untracked |  0
|  65|0x000000070d000000, 0x000000070d000000, 0x000000070d200000|  0%| F|  |TAMS 0x000000070d000000| PB 0x000000070d000000| Untracked |  0
|  66|0x000000070d200000, 0x000000070d200000, 0x000000070d400000|  0%| F|  |TAMS 0x000000070d200000| PB 0x000000070d200000| Untracked |  0
|  67|0x000000070d400000, 0x000000070d400000, 0x000000070d600000|  0%| F|  |TAMS 0x000000070d400000| PB 0x000000070d400000| Untracked |  0
|  68|0x000000070d600000, 0x000000070d600000, 0x000000070d800000|  0%| F|  |TAMS 0x000000070d600000| PB 0x000000070d600000| Untracked |  0
|  69|0x000000070d800000, 0x000000070d800000, 0x000000070da00000|  0%| F|  |TAMS 0x000000070d800000| PB 0x000000070d800000| Untracked |  0
|  70|0x000000070da00000, 0x000000070da00000, 0x000000070dc00000|  0%| F|  |TAMS 0x000000070da00000| PB 0x000000070da00000| Untracked |  0
|  71|0x000000070dc00000, 0x000000070dc00000, 0x000000070de00000|  0%| F|  |TAMS 0x000000070dc00000| PB 0x000000070dc00000| Untracked |  0
|  72|0x000000070de00000, 0x000000070de00000, 0x000000070e000000|  0%| F|  |TAMS 0x000000070de00000| PB 0x000000070de00000| Untracked |  0
|  73|0x000000070e000000, 0x000000070e000000, 0x000000070e200000|  0%| F|  |TAMS 0x000000070e000000| PB 0x000000070e000000| Untracked |  0
|  74|0x000000070e200000, 0x000000070e200000, 0x000000070e400000|  0%| F|  |TAMS 0x000000070e200000| PB 0x000000070e200000| Untracked |  0
|  75|0x000000070e400000, 0x000000070e400000, 0x000000070e600000|  0%| F|  |TAMS 0x000000070e400000| PB 0x000000070e400000| Untracked |  0
|  76|0x000000070e600000, 0x000000070e600000, 0x000000070e800000|  0%| F|  |TAMS 0x000000070e600000| PB 0x000000070e600000| Untracked |  0
|  77|0x000000070e800000, 0x000000070e800000, 0x000000070ea00000|  0%| F|  |TAMS 0x000000070e800000| PB 0x000000070e800000| Untracked |  0
|  78|0x000000070ea00000, 0x000000070ea00000, 0x000000070ec00000|  0%| F|  |TAMS 0x000000070ea00000| PB 0x000000070ea00000| Untracked |  0
|  79|0x000000070ec00000, 0x000000070ec00000, 0x000000070ee00000|  0%| F|  |TAMS 0x000000070ec00000| PB 0x000000070ec00000| Untracked |  0
|  80|0x000000070ee00000, 0x000000070ee00000, 0x000000070f000000|  0%| F|  |TAMS 0x000000070ee00000| PB 0x000000070ee00000| Untracked |  0
|  81|0x000000070f000000, 0x000000070f000000, 0x000000070f200000|  0%| F|  |TAMS 0x000000070f000000| PB 0x000000070f000000| Untracked |  0
|  82|0x000000070f200000, 0x000000070f200000, 0x000000070f400000|  0%| F|  |TAMS 0x000000070f200000| PB 0x000000070f200000| Untracked |  0
|  83|0x000000070f400000, 0x000000070f400000, 0x000000070f600000|  0%| F|  |TAMS 0x000000070f400000| PB 0x000000070f400000| Untracked |  0
|  84|0x000000070f600000, 0x000000070f600000, 0x000000070f800000|  0%| F|  |TAMS 0x000000070f600000| PB 0x000000070f600000| Untracked |  0
|  85|0x000000070f800000, 0x000000070f800000, 0x000000070fa00000|  0%| F|  |TAMS 0x000000070f800000| PB 0x000000070f800000| Untracked |  0
|  86|0x000000070fa00000, 0x000000070fa00000, 0x000000070fc00000|  0%| F|  |TAMS 0x000000070fa00000| PB 0x000000070fa00000| Untracked |  0
|  87|0x000000070fc00000, 0x000000070fc00000, 0x000000070fe00000|  0%| F|  |TAMS 0x000000070fc00000| PB 0x000000070fc00000| Untracked |  0
|  88|0x000000070fe00000, 0x000000070fe00000, 0x0000000710000000|  0%| F|  |TAMS 0x000000070fe00000| PB 0x000000070fe00000| Untracked |  0
|  89|0x0000000710000000, 0x0000000710000000, 0x0000000710200000|  0%| F|  |TAMS 0x0000000710000000| PB 0x0000000710000000| Untracked |  0
|  90|0x0000000710200000, 0x0000000710200000, 0x0000000710400000|  0%| F|  |TAMS 0x0000000710200000| PB 0x0000000710200000| Untracked |  0
|  91|0x0000000710400000, 0x0000000710400000, 0x0000000710600000|  0%| F|  |TAMS 0x0000000710400000| PB 0x0000000710400000| Untracked |  0
|  92|0x0000000710600000, 0x0000000710600000, 0x0000000710800000|  0%| F|  |TAMS 0x0000000710600000| PB 0x0000000710600000| Untracked |  0
|  93|0x0000000710800000, 0x0000000710800000, 0x0000000710a00000|  0%| F|  |TAMS 0x0000000710800000| PB 0x0000000710800000| Untracked |  0
|  94|0x0000000710a00000, 0x0000000710a00000, 0x0000000710c00000|  0%| F|  |TAMS 0x0000000710a00000| PB 0x0000000710a00000| Untracked |  0
|  95|0x0000000710c00000, 0x0000000710c00000, 0x0000000710e00000|  0%| F|  |TAMS 0x0000000710c00000| PB 0x0000000710c00000| Untracked |  0
|  96|0x0000000710e00000, 0x0000000710e00000, 0x0000000711000000|  0%| F|  |TAMS 0x0000000710e00000| PB 0x0000000710e00000| Untracked |  0
|  97|0x0000000711000000, 0x0000000711000000, 0x0000000711200000|  0%| F|  |TAMS 0x0000000711000000| PB 0x0000000711000000| Untracked |  0
|  98|0x0000000711200000, 0x0000000711200000, 0x0000000711400000|  0%| F|  |TAMS 0x0000000711200000| PB 0x0000000711200000| Untracked |  0
|  99|0x0000000711400000, 0x0000000711400000, 0x0000000711600000|  0%| F|  |TAMS 0x0000000711400000| PB 0x0000000711400000| Untracked |  0
| 100|0x0000000711600000, 0x0000000711600000, 0x0000000711800000|  0%| F|  |TAMS 0x0000000711600000| PB 0x0000000711600000| Untracked |  0
| 101|0x0000000711800000, 0x0000000711800000, 0x0000000711a00000|  0%| F|  |TAMS 0x0000000711800000| PB 0x0000000711800000| Untracked |  0
| 102|0x0000000711a00000, 0x0000000711a00000, 0x0000000711c00000|  0%| F|  |TAMS 0x0000000711a00000| PB 0x0000000711a00000| Untracked |  0
| 103|0x0000000711c00000, 0x0000000711c00000, 0x0000000711e00000|  0%| F|  |TAMS 0x0000000711c00000| PB 0x0000000711c00000| Untracked |  0
| 104|0x0000000711e00000, 0x0000000711e00000, 0x0000000712000000|  0%| F|  |TAMS 0x0000000711e00000| PB 0x0000000711e00000| Untracked |  0
| 105|0x0000000712000000, 0x0000000712000000, 0x0000000712200000|  0%| F|  |TAMS 0x0000000712000000| PB 0x0000000712000000| Untracked |  0
| 106|0x0000000712200000, 0x0000000712200000, 0x0000000712400000|  0%| F|  |TAMS 0x0000000712200000| PB 0x0000000712200000| Untracked |  0
| 107|0x0000000712400000, 0x0000000712400000, 0x0000000712600000|  0%| F|  |TAMS 0x0000000712400000| PB 0x0000000712400000| Untracked |  0
| 108|0x0000000712600000, 0x0000000712600000, 0x0000000712800000|  0%| F|  |TAMS 0x0000000712600000| PB 0x0000000712600000| Untracked |  0
| 109|0x0000000712800000, 0x0000000712800000, 0x0000000712a00000|  0%| F|  |TAMS 0x0000000712800000| PB 0x0000000712800000| Untracked |  0
| 110|0x0000000712a00000, 0x0000000712a00000, 0x0000000712c00000|  0%| F|  |TAMS 0x0000000712a00000| PB 0x0000000712a00000| Untracked |  0
| 111|0x0000000712c00000, 0x0000000712c00000, 0x0000000712e00000|  0%| F|  |TAMS 0x0000000712c00000| PB 0x0000000712c00000| Untracked |  0
| 112|0x0000000712e00000, 0x0000000712e00000, 0x0000000713000000|  0%| F|  |TAMS 0x0000000712e00000| PB 0x0000000712e00000| Untracked |  0
| 113|0x0000000713000000, 0x0000000713000000, 0x0000000713200000|  0%| F|  |TAMS 0x0000000713000000| PB 0x0000000713000000| Untracked |  0
| 114|0x0000000713200000, 0x0000000713200000, 0x0000000713400000|  0%| F|  |TAMS 0x0000000713200000| PB 0x0000000713200000| Untracked |  0
| 115|0x0000000713400000, 0x0000000713400000, 0x0000000713600000|  0%| F|  |TAMS 0x0000000713400000| PB 0x0000000713400000| Untracked |  0
| 116|0x0000000713600000, 0x0000000713600000, 0x0000000713800000|  0%| F|  |TAMS 0x0000000713600000| PB 0x0000000713600000| Untracked |  0
| 117|0x0000000713800000, 0x00000007138f5c60, 0x0000000713a00000| 48%| E|  |TAMS 0x0000000713800000| PB 0x0000000713800000| Complete |  0
| 118|0x0000000713a00000, 0x0000000713c00000, 0x0000000713c00000|100%| E|CS|TAMS 0x0000000713a00000| PB 0x0000000713a00000| Complete |  0
| 119|0x0000000713c00000, 0x0000000713e00000, 0x0000000713e00000|100%| E|CS|TAMS 0x0000000713c00000| PB 0x0000000713c00000| Complete |  0
| 120|0x0000000713e00000, 0x0000000714000000, 0x0000000714000000|100%| E|CS|TAMS 0x0000000713e00000| PB 0x0000000713e00000| Complete |  0
| 121|0x0000000714000000, 0x0000000714200000, 0x0000000714200000|100%| E|CS|TAMS 0x0000000714000000| PB 0x0000000714000000| Complete |  0
| 122|0x0000000714200000, 0x0000000714400000, 0x0000000714400000|100%| E|CS|TAMS 0x0000000714200000| PB 0x0000000714200000| Complete |  0
| 123|0x0000000714400000, 0x0000000714600000, 0x0000000714600000|100%| E|CS|TAMS 0x0000000714400000| PB 0x0000000714400000| Complete |  0
| 124|0x0000000714600000, 0x0000000714800000, 0x0000000714800000|100%| E|CS|TAMS 0x0000000714600000| PB 0x0000000714600000| Complete |  0
| 125|0x0000000714800000, 0x0000000714a00000, 0x0000000714a00000|100%| E|CS|TAMS 0x0000000714800000| PB 0x0000000714800000| Complete |  0
|2008|0x00000007ffe00000, 0x00000007fff1d3c0, 0x0000000800000000| 55%| O|  |TAMS 0x00000007ffe00000| PB 0x00000007ffe00000| Untracked |  0

Card table byte_map: [0x000002aaff7c0000,0x000002aafffa0000] _byte_map_base: 0x000002aafbf99000

Marking Bits: (CMBitMap*) 0x000002aae7250db0
 Bits: [0x000002aa80000000, 0x000002aa83ec8000)

Polling page: 0x000002aae4d90000

Metaspace:

Usage:
  Non-class:      6.37 MB used.
      Class:    590.71 KB used.
       Both:      6.95 MB used.

Virtual space:
  Non-class space:       64.00 MB reserved,       6.44 MB ( 10%) committed,  1 nodes.
      Class space:        1.00 GB reserved,     704.00 KB ( <1%) committed,  1 nodes.
             Both:        1.06 GB reserved,       7.12 MB ( <1%) committed. 

Chunk freelists:
   Non-Class:  9.00 MB
       Class:  15.23 MB
        Both:  24.24 MB

MaxMetaspaceSize: unlimited
CompressedClassSpaceSize: 1.00 GB
Initial GC threshold: 21.00 MB
Current GC threshold: 21.00 MB
CDS: on
 - commit_granule_bytes: 65536.
 - commit_granule_words: 8192.
 - virtual_space_node_default_size: 8388608.
 - enlarge_chunks_in_place: 1.
UseCompressedClassPointers 1, UseCompactObjectHeaders 0
Narrow klass pointer bits 32, Max shift 3
Narrow klass base: 0x000002aa87000000, Narrow klass shift: 0
Encoding Range: [0x000002aa87000000 - 0x000002ab87000000), (4294967296 bytes)
Klass Range:    [0x000002aa87000000 - 0x000002aac8000000), (1090519040 bytes)
Klass ID Range:  [8 - 1090519033) (1090519025)


Internal statistics:

num_allocs_failed_limit: 0.
num_arena_births: 108.
num_arena_deaths: 0.
num_vsnodes_births: 2.
num_vsnodes_deaths: 0.
num_space_committed: 114.
num_space_uncommitted: 0.
num_chunks_returned_to_freelist: 0.
num_chunks_taken_from_freelist: 142.
num_chunk_merges: 0.
num_chunk_splits: 86.
num_chunks_enlarged: 37.
num_inconsistent_stats: 0.

CodeHeap 'non-profiled nmethods': size=120064Kb used=269Kb max_used=269Kb free=119794Kb
 bounds [0x000002aaf7550000, 0x000002aaf77c0000, 0x000002aafea90000]
CodeHeap 'profiled nmethods': size=120000Kb used=1482Kb max_used=1482Kb free=118517Kb
 bounds [0x000002aaefa90000, 0x000002aaefd00000, 0x000002aaf6fc0000]
CodeHeap 'non-nmethods': size=5696Kb used=1430Kb max_used=1444Kb free=4265Kb
 bounds [0x000002aaf6fc0000, 0x000002aaf7230000, 0x000002aaf7550000]
CodeCache: size=245760Kb, used=3181Kb, max_used=3195Kb, free=242576Kb
 total_blobs=1599, nmethods=997, adapters=508, full_count=0
Compilation: enabled, stopped_count=0, restarted_count=0

Compilation events (20 events):
Event: 9.295 Thread 0x000002aa86b5e5b0  988       3       java.awt.Component::dispatchEventImpl (785 bytes)
Event: 9.300 Thread 0x000002aa86b5e5b0 nmethod 988 0x000002aaefbf6f88 code [0x000002aaefbf77a0, 0x000002aaefbfdc30]
Event: 9.306 Thread 0x000002aa86b5e5b0  989       3       java.awt.LightweightDispatcher::dispatchEvent (73 bytes)
Event: 9.306 Thread 0x000002aa86b5e5b0 nmethod 989 0x000002aaefbfde08 code [0x000002aaefbfdf60, 0x000002aaefbfe6a8]
Event: 9.343 Thread 0x000002aa86b5e5b0  990       3       java.awt.Window::eventEnabled (138 bytes)
Event: 9.343 Thread 0x000002aa86b5e5b0 nmethod 990 0x000002aaefbfe708 code [0x000002aaefbfe860, 0x000002aaefbfed20]
Event: 9.343 Thread 0x000002aa86b5e5b0  991       3       sun.awt.windows.WComponentPeer::handleEvent (173 bytes)
Event: 9.344 Thread 0x000002aa86b5e5b0 nmethod 991 0x000002aaefbfed88 code [0x000002aaefbfef60, 0x000002aaefc00170]
Event: 10.806 Thread 0x000002aa86b5e5b0  992   !   3       java.util.concurrent.locks.AbstractQueuedSynchronizer$ConditionObject::await (180 bytes)
Event: 10.808 Thread 0x000002aa86b5e5b0 nmethod 992 0x000002aaefc00208 code [0x000002aaefc00500, 0x000002aaefc01bd0]
Event: 86.992 Thread 0x000002aa86b5e5b0  993       3       java.util.HashMap$EntryIterator::next (5 bytes)
Event: 86.992 Thread 0x000002aa86b5e5b0 nmethod 993 0x000002aaefc01c88 code [0x000002aaefc01da0, 0x000002aaefc02030]
Event: 86.992 Thread 0x000002aa86b5e5b0  994       3       java.util.HashMap$EntryIterator::next (5 bytes)
Event: 86.993 Thread 0x000002aa86b5e5b0 nmethod 994 0x000002aaefc02088 code [0x000002aaefc021a0, 0x000002aaefc02358]
Event: 86.995 Thread 0x000002aa86b5e5b0  995       1       java.awt.Component::isPreferredSizeSet (5 bytes)
Event: 86.995 Thread 0x000002aa86b5e5b0 nmethod 995 0x000002aaf7593488 code [0x000002aaf7593580, 0x000002aaf7593648]
Event: 86.995 Thread 0x000002aa86b5e5b0  996       3       sun.font.FontDesignMetrics::getLatinCharWidth (29 bytes)
Event: 86.996 Thread 0x000002aa86b5e5b0 nmethod 996 0x000002aaefc02388 code [0x000002aaefc024e0, 0x000002aaefc027e8]
Event: 86.996 Thread 0x000002aa86b5e5b0  997       3       java.awt.Component::isDisplayable (13 bytes)
Event: 86.996 Thread 0x000002aa86b5e5b0 nmethod 997 0x000002aaefc02808 code [0x000002aaefc02920, 0x000002aaefc02a80]

GC Heap History (0 events):
No events

Dll operation events (9 events):
Event: 0.006 Loaded shared library C:\Program Files\Java\jdk-24\bin\java.dll
Event: 0.027 Loaded shared library C:\Program Files\Java\jdk-24\bin\jsvml.dll
Event: 0.041 Loaded shared library C:\Program Files\Java\jdk-24\bin\jimage.dll
Event: 0.050 Loaded shared library C:\Program Files\Java\jdk-24\bin\awt.dll
Event: 0.174 Loaded shared library C:\Program Files\Java\jdk-24\bin\zip.dll
Event: 0.301 Loaded shared library C:\Program Files\Java\jdk-24\bin\freetype.dll
Event: 0.303 Loaded shared library C:\Program Files\Java\jdk-24\bin\fontmanager.dll
Event: 0.347 Loaded shared library C:\Program Files\Java\jdk-24\bin\net.dll
Event: 0.348 Loaded shared library C:\Program Files\Java\jdk-24\bin\nio.dll

Deoptimization events (12 events):
Event: 0.222 Thread 0x000002aacc5674c0 Uncommon trap: trap_request=0xffffff4d fr.pc=0x000002aaf7572988 relative=0x00000000000012a8
Event: 0.222 Thread 0x000002aacc5674c0 Uncommon trap: reason=unstable_if action=reinterpret pc=0x000002aaf7572988 method=sun.awt.image.PNGImageDecoder.produceImage()V @ 867 c2
Event: 0.222 Thread 0x000002aacc5674c0 DEOPT PACKING pc=0x000002aaf7572988 sp=0x000000d4f6cff680
Event: 0.222 Thread 0x000002aacc5674c0 DEOPT UNPACKING pc=0x000002aaf70d8602 sp=0x000000d4f6cff5c0 mode 2
Event: 0.230 Thread 0x000002aacc6f54a0 DEOPT PACKING pc=0x000002aaefb42878 sp=0x000000d4f6fff1a0
Event: 0.230 Thread 0x000002aacc6f54a0 DEOPT UNPACKING pc=0x000002aaf7015722 sp=0x000000d4f6ffe640 mode 0
Event: 0.233 Thread 0x000002aacc5674c0 DEOPT PACKING pc=0x000002aaefb42878 sp=0x000000d4f6cff470
Event: 0.233 Thread 0x000002aacc5674c0 DEOPT UNPACKING pc=0x000002aaf7015722 sp=0x000000d4f6cfe910 mode 0
Event: 0.342 Thread 0x000002aae4dd1420 Uncommon trap: trap_request=0xffffff4d fr.pc=0x000002aaf758079c relative=0x00000000000004dc
Event: 0.342 Thread 0x000002aae4dd1420 Uncommon trap: reason=unstable_if action=reinterpret pc=0x000002aaf758079c method=java.lang.StringLatin1.replace([BCC)Ljava/lang/String; @ 19 c2
Event: 0.342 Thread 0x000002aae4dd1420 DEOPT PACKING pc=0x000002aaf758079c sp=0x000000d4f57fe9d0
Event: 0.342 Thread 0x000002aae4dd1420 DEOPT UNPACKING pc=0x000002aaf70d8602 sp=0x000000d4f57fe950 mode 2

Classes loaded (20 events):
Event: 4.698 Loading class java/applet/Applet
Event: 4.702 Loading class java/awt/Panel
Event: 4.702 Loading class java/awt/Panel done
Event: 4.702 Loading class java/applet/Applet done
Event: 7.104 Loading class sun/awt/DebugSettings
Event: 7.107 Loading class sun/awt/DebugSettings done
Event: 7.107 Loading class java/awt/event/ContainerEvent
Event: 7.107 Loading class java/awt/event/ContainerEvent done
Event: 7.107 Loading class javax/swing/JComponent$KeyboardState
Event: 7.107 Loading class javax/swing/JComponent$KeyboardState done
Event: 7.107 Loading class javax/swing/JComponent$IntVector
Event: 7.107 Loading class javax/swing/JComponent$IntVector done
Event: 7.107 Loading class javax/swing/KeyboardManager
Event: 7.107 Loading class javax/swing/KeyboardManager done
Event: 7.108 Loading class javax/swing/Popup$HeavyWeightWindow
Event: 7.108 Loading class sun/awt/ModalExclude
Event: 7.108 Loading class sun/awt/ModalExclude done
Event: 7.108 Loading class javax/swing/JWindow
Event: 7.108 Loading class javax/swing/JWindow done
Event: 7.108 Loading class javax/swing/Popup$HeavyWeightWindow done

Classes unloaded (0 events):
No events

Classes redefined (0 events):
No events

Internal exceptions (20 events):
Event: 0.103 Thread 0x000002aae4dd1420 Exception <a 'java/lang/NoSuchMethodError'{0x000000071462f5c0}: 'java.lang.Object java.lang.invoke.DirectMethodHandle$Holder.invokeStatic(java.lang.Object, long, java.lang.Object)'> (0x000000071462f5c0) 
thrown [s\open\src\hotspot\share\interpreter\linkResolver.cpp, line 805]
Event: 0.103 Thread 0x000002aae4dd1420 Exception <a 'java/lang/NoSuchMethodError'{0x00000007146376d8}: 'java.lang.Object java.lang.invoke.DirectMethodHandle$Holder.invokeStaticInit(java.lang.Object, long, java.lang.Object)'> (0x00000007146376d8) 
thrown [s\open\src\hotspot\share\interpreter\linkResolver.cpp, line 805]
Event: 0.104 Thread 0x000002aae4dd1420 Exception <a 'java/lang/NoSuchMethodError'{0x000000071463fb10}: 'java.lang.Object java.lang.invoke.DirectMethodHandle$Holder.invokeStatic(java.lang.Object, long)'> (0x000000071463fb10) 
thrown [s\open\src\hotspot\share\interpreter\linkResolver.cpp, line 805]
Event: 0.104 Thread 0x000002aae4dd1420 Exception <a 'java/lang/NoSuchMethodError'{0x0000000714647b30}: 'java.lang.Object java.lang.invoke.DirectMethodHandle$Holder.invokeStaticInit(java.lang.Object, long)'> (0x0000000714647b30) 
thrown [s\open\src\hotspot\share\interpreter\linkResolver.cpp, line 805]
Event: 0.118 Thread 0x000002aae4dd1420 Exception <a 'java/lang/NoSuchMethodError'{0x0000000714677d70}: 'void java.lang.invoke.DirectMethodHandle$Holder.invokeSpecial(java.lang.Object, java.lang.Object, java.lang.Object)'> (0x0000000714677d70) 
thrown [s\open\src\hotspot\share\interpreter\linkResolver.cpp, line 805]
Event: 0.127 Thread 0x000002aae4dd1420 Exception <a 'java/lang/NoSuchMethodError'{0x00000007146e7978}: 'java.lang.Object java.lang.invoke.DirectMethodHandle$Holder.newInvokeSpecial(java.lang.Object, java.lang.Object, java.lang.Object, java.lang.Object, java.lang.Object)'> (0x00000007146e7978) 
thrown [s\open\src\hotspot\share\interpreter\linkResolver.cpp, line 805]
Event: 0.132 Thread 0x000002aae4dd1420 Exception <a 'java/lang/NoSuchMethodError'{0x000000071445a418}: 'java.lang.Object java.lang.invoke.DirectMethodHandle$Holder.invokeStatic(java.lang.Object, int, java.lang.Object)'> (0x000000071445a418) 
thrown [s\open\src\hotspot\share\interpreter\linkResolver.cpp, line 805]
Event: 0.155 Thread 0x000002aae4dd1420 Exception <a 'java/lang/ClassNotFoundException'{0x000000071428cb08}: com/sun/swing/internal/plaf/metal/resources/spi/metalProvider> (0x000000071428cb08) 
thrown [s\open\src\hotspot\share\classfile\systemDictionary.cpp, line 327]
Event: 0.156 Thread 0x000002aae4dd1420 Exception <a 'java/lang/ClassNotFoundException'{0x00000007142905b8}: com/sun/swing/internal/plaf/basic/resources/spi/basicProvider> (0x00000007142905b8) 
thrown [s\open\src\hotspot\share\classfile\systemDictionary.cpp, line 327]
Event: 0.163 Thread 0x000002aae4dd1420 Exception <a 'java/lang/NoSuchMethodError'{0x00000007142be828}: 'int java.lang.invoke.Invokers$Holder.invokeExact_MT(java.lang.Object, java.lang.Object)'> (0x00000007142be828) 
thrown [s\open\src\hotspot\share\interpreter\linkResolver.cpp, line 805]
Event: 0.274 Thread 0x000002aacc196b10 Exception <a 'java/lang/NoSuchMethodError'{0x00000007147062b0}: 'void java.lang.invoke.DirectMethodHandle$Holder.invokeVirtual(java.lang.Object, java.lang.Object)'> (0x00000007147062b0) 
thrown [s\open\src\hotspot\share\interpreter\linkResolver.cpp, line 805]
Event: 0.297 Thread 0x000002aae4dd1420 Exception <a 'java/lang/NoSuchMethodError'{0x00000007142f4dd0}: 'void java.lang.invoke.DirectMethodHandle$Holder.invokeStaticInit(java.lang.Object)'> (0x00000007142f4dd0) 
thrown [s\open\src\hotspot\share\interpreter\linkResolver.cpp, line 805]
Event: 0.314 Thread 0x000002aae4dd1420 Exception <a 'java/lang/NoSuchMethodError'{0x0000000713a33538}: 'long java.lang.invoke.DirectMethodHandle$Holder.invokeStaticInit(java.lang.Object, long, long, long, long)'> (0x0000000713a33538) 
thrown [s\open\src\hotspot\share\interpreter\linkResolver.cpp, line 805]
Event: 0.314 Thread 0x000002aae4dd1420 Exception <a 'java/lang/NoSuchMethodError'{0x0000000713a3c0b0}: 'java.lang.Object java.lang.invoke.DirectMethodHandle$Holder.invokeInterface(java.lang.Object, java.lang.Object, long, long)'> (0x0000000713a3c0b0) 
thrown [s\open\src\hotspot\share\interpreter\linkResolver.cpp, line 805]
Event: 0.315 Thread 0x000002aae4dd1420 Exception <a 'java/lang/NoSuchMethodError'{0x0000000713a54998}: 'void java.lang.invoke.DirectMethodHandle$Holder.invokeStaticInit(java.lang.Object, java.lang.Object, long, java.lang.Object)'> (0x0000000713a54998) 
thrown [s\open\src\hotspot\share\interpreter\linkResolver.cpp, line 805]
Event: 0.315 Thread 0x000002aae4dd1420 Exception <a 'java/lang/NoSuchMethodError'{0x0000000713a5d580}: 'long java.lang.invoke.DirectMethodHandle$Holder.invokeStatic(java.lang.Object, long, long)'> (0x0000000713a5d580) 
thrown [s\open\src\hotspot\share\interpreter\linkResolver.cpp, line 805]
Event: 0.319 Thread 0x000002aae4dd1420 Exception <a 'java/lang/NoSuchMethodError'{0x0000000713a86870}: 'java.lang.Object java.lang.invoke.DirectMethodHandle$Holder.newInvokeSpecial(java.lang.Object, int, java.lang.Object)'> (0x0000000713a86870) 
thrown [s\open\src\hotspot\share\interpreter\linkResolver.cpp, line 805]
Event: 0.362 Thread 0x000002aae4dd1420 Exception <a 'java/lang/NoSuchMethodError'{0x0000000713b28d70}: 'void java.lang.invoke.DelegatingMethodHandle$Holder.reinvoke_L(java.lang.Object, java.lang.Object, java.lang.Object, java.lang.Object, long, long, float)'> (0x0000000713b28d70) 
thrown [s\open\src\hotspot\share\interpreter\linkResolver.cpp, line 805]
Event: 0.364 Thread 0x000002aae4dd1420 Exception <a 'java/lang/NoSuchMethodError'{0x0000000713b49110}: 'java.lang.Object java.lang.invoke.DirectMethodHandle$Holder.invokeStatic(java.lang.Object, java.lang.Object, java.lang.Object, java.lang.Object, java.lang.Object, long)'> (0x0000000713b49110) 
thrown [s\open\src\hotspot\share\interpreter\linkResolver.cpp, line 805]
Event: 0.368 Thread 0x000002aae4dd1420 Exception <a 'java/lang/NoSuchMethodError'{0x0000000713b8c8e8}: 'float java.lang.invoke.DelegatingMethodHandle$Holder.reinvoke_L(java.lang.Object, java.lang.Object, java.lang.Object, java.lang.Object, long, long)'> (0x0000000713b8c8e8) 
thrown [s\open\src\hotspot\share\interpreter\linkResolver.cpp, line 805]

VM Operations (10 events):
Event: 0.155 Executing VM operation: HandshakeAllThreads (Deoptimize)
Event: 0.155 Executing VM operation: HandshakeAllThreads (Deoptimize) done
Event: 0.164 Executing VM operation: HandshakeAllThreads (Deoptimize)
Event: 0.164 Executing VM operation: HandshakeAllThreads (Deoptimize) done
Event: 0.194 Executing VM operation: HandshakeAllThreads (Deoptimize)
Event: 0.194 Executing VM operation: HandshakeAllThreads (Deoptimize) done
Event: 60.147 Executing VM operation: HandshakeAllThreads (HandshakeForDeflation)
Event: 60.147 Executing VM operation: HandshakeAllThreads (HandshakeForDeflation) done
Event: 60.147 Executing VM operation: RendezvousGCThreads
Event: 60.147 Executing VM operation: RendezvousGCThreads done

Memory protections (0 events):
No events

Nmethod flushes (0 events):
No events

Events (20 events):
Event: 0.024 Thread 0x000002aae4dd1420 Thread added: 0x000002aa86b54e00
Event: 0.024 Thread 0x000002aae4dd1420 Thread added: 0x000002aa86b56ec0
Event: 0.024 Thread 0x000002aae4dd1420 Thread added: 0x000002aa86b5b410
Event: 0.024 Thread 0x000002aae4dd1420 Thread added: 0x000002aa86b5e5b0
Event: 0.026 Thread 0x000002aae4dd1420 Thread added: 0x000002aa86b7dd30
Event: 0.029 Thread 0x000002aae4dd1420 Thread added: 0x000002aa86c22f50
Event: 0.090 Thread 0x000002aae4dd1420 Thread added: 0x000002aa86f8e1e0
Event: 0.090 Thread 0x000002aae4dd1420 Thread added: 0x000002aacc41ffb0
Event: 0.091 Thread 0x000002aae4dd1420 Thread added: 0x000002aacc196b10
Event: 0.172 Thread 0x000002aae4dd1420 Thread added: 0x000002aacc5674c0
Event: 0.196 Thread 0x000002aa86b5e5b0 Thread added: 0x000002aa86b5f4d0
Event: 0.198 Thread 0x000002aa86b5e5b0 Thread added: 0x000002aa86b5bfe0
Event: 0.228 Thread 0x000002aae4dd1420 Thread added: 0x000002aacc6f54a0
Event: 0.273 Thread 0x000002aacc196b10 Thread added: 0x000002aacc64e200
Event: 0.424 Thread 0x000002aae4dd1420 Thread exited: 0x000002aae4dd1420
Event: 0.425 Thread 0x000002aae4dd1420 Thread added: 0x000002aae4dd1420
Event: 1.924 Thread 0x000002aa86b5bfe0 Thread exited: 0x000002aa86b5bfe0
Event: 1.932 Thread 0x000002aa86b5f4d0 Thread exited: 0x000002aa86b5f4d0
Event: 5.231 Thread 0x000002aacc6f54a0 Thread exited: 0x000002aacc6f54a0
Event: 5.263 Thread 0x000002aacc5674c0 Thread exited: 0x000002aacc5674c0


Dynamic libraries:
0x00007ff683b10000 - 0x00007ff683b20000 	C:\Program Files\Java\jdk-24\bin\java.exe
0x00007ffeb29e0000 - 0x00007ffeb2c45000 	C:\Windows\SYSTEM32\ntdll.dll
0x00007ffeb1570000 - 0x00007ffeb1639000 	C:\Windows\System32\KERNEL32.DLL
0x00007ffeb0220000 - 0x00007ffeb0608000 	C:\Windows\System32\KERNELBASE.dll
0x00007ffeafb30000 - 0x00007ffeafc7b000 	C:\Windows\System32\ucrtbase.dll
0x00007ffe96c00000 - 0x00007ffe96c16000 	C:\Program Files\Java\jdk-24\bin\jli.dll
0x00007ffe9cb00000 - 0x00007ffe9cb1b000 	C:\Program Files\Java\jdk-24\bin\VCRUNTIME140.dll
0x00007ffeb26d0000 - 0x00007ffeb289a000 	C:\Windows\System32\USER32.dll
0x00007ffeb0610000 - 0x00007ffeb0637000 	C:\Windows\System32\win32u.dll
0x00007ffe955f0000 - 0x00007ffe9588a000 	C:\Windows\WinSxS\amd64_microsoft.windows.common-controls_6595b64144ccf1df_6.0.26100.4202_none_3e0698d4e335f517\COMCTL32.dll
0x00007ffeb10a0000 - 0x00007ffeb10cb000 	C:\Windows\System32\GDI32.dll
0x00007ffeb14b0000 - 0x00007ffeb1559000 	C:\Windows\System32\msvcrt.dll
0x00007ffeb0640000 - 0x00007ffeb0777000 	C:\Windows\System32\gdi32full.dll
0x00007ffeafe90000 - 0x00007ffeaff33000 	C:\Windows\System32\msvcp_win.dll
0x00007ffeb1470000 - 0x00007ffeb14a0000 	C:\Windows\System32\IMM32.DLL
0x00007ffe9e180000 - 0x00007ffe9e18c000 	C:\Program Files\Java\jdk-24\bin\vcruntime140_1.dll
0x00007ffe7c780000 - 0x00007ffe7c80e000 	C:\Program Files\Java\jdk-24\bin\msvcp140.dll
0x00007ffddccb0000 - 0x00007ffddda52000 	C:\Program Files\Java\jdk-24\bin\server\jvm.dll
0x00007ffeb0920000 - 0x00007ffeb09d3000 	C:\Windows\System32\ADVAPI32.dll
0x00007ffeb1360000 - 0x00007ffeb1406000 	C:\Windows\System32\sechost.dll
0x00007ffeb1240000 - 0x00007ffeb1355000 	C:\Windows\System32\RPCRT4.dll
0x00007ffeb28a0000 - 0x00007ffeb2914000 	C:\Windows\System32\WS2_32.dll
0x00007ffe96080000 - 0x00007ffe9608b000 	C:\Windows\SYSTEM32\VERSION.dll
0x00007ffeac360000 - 0x00007ffeac395000 	C:\Windows\SYSTEM32\WINMM.dll
0x00007ffeaf9a0000 - 0x00007ffeaf9fe000 	C:\Windows\SYSTEM32\POWRPROF.dll
0x00007ffeaf980000 - 0x00007ffeaf994000 	C:\Windows\SYSTEM32\UMPDC.dll
0x00007ffeae8d0000 - 0x00007ffeae8eb000 	C:\Windows\SYSTEM32\kernel.appcore.dll
0x00007ffe9d4c0000 - 0x00007ffe9d4ca000 	C:\Program Files\Java\jdk-24\bin\jimage.dll
0x00007ffead1b0000 - 0x00007ffead3f1000 	C:\Windows\SYSTEM32\DBGHELP.DLL
0x00007ffeb09e0000 - 0x00007ffeb0d65000 	C:\Windows\System32\combase.dll
0x00007ffeb25e0000 - 0x00007ffeb26c1000 	C:\Windows\System32\OLEAUT32.dll
0x00007ffe90b30000 - 0x00007ffe90b69000 	C:\Windows\SYSTEM32\dbgcore.DLL
0x00007ffeb0180000 - 0x00007ffeb0219000 	C:\Windows\System32\bcryptPrimitives.dll
0x00007ffe95df0000 - 0x00007ffe95e0e000 	C:\Program Files\Java\jdk-24\bin\java.dll
0x00007ffeb0d70000 - 0x00007ffeb0f0e000 	C:\Windows\System32\ole32.dll
0x00007ffeb1640000 - 0x00007ffeb1d82000 	C:\Windows\System32\SHELL32.dll
0x00007ffeafc80000 - 0x00007ffeafdf4000 	C:\Windows\System32\wintypes.dll
0x00007ffead750000 - 0x00007ffeadfa8000 	C:\Windows\SYSTEM32\windows.storage.dll
0x00007ffeb0f20000 - 0x00007ffeb1011000 	C:\Windows\System32\SHCORE.dll
0x00007ffeb1020000 - 0x00007ffeb108a000 	C:\Windows\System32\shlwapi.dll
0x00007ffeafa40000 - 0x00007ffeafa6f000 	C:\Windows\SYSTEM32\profapi.dll
0x00007ffe73250000 - 0x00007ffe73327000 	C:\Program Files\Java\jdk-24\bin\jsvml.dll
0x00007ffe41270000 - 0x00007ffe413ef000 	C:\Program Files\Java\jdk-24\bin\awt.dll
0x00007ffeac1a0000 - 0x00007ffeac23e000 	C:\Windows\SYSTEM32\apphelp.dll
0x00007ffeacba0000 - 0x00007ffeacbd6000 	C:\Windows\system32\DWMAPI.DLL
0x00007ffeac780000 - 0x00007ffeac82f000 	C:\Windows\system32\uxtheme.dll
0x00007ffe0efe0000 - 0x00007ffe0f0f4000 	C:\Windows\system32\opengl32.dll
0x00007ffe30f10000 - 0x00007ffe30f3d000 	C:\Windows\SYSTEM32\GLU32.dll
0x00007ffeac9d0000 - 0x00007ffeaca1d000 	C:\Windows\SYSTEM32\dxcore.dll
0x00007ffeb10d0000 - 0x00007ffeb1230000 	C:\Windows\System32\MSCTF.dll
0x00007ffe89ae0000 - 0x00007ffe89af7000 	C:\Program Files\Java\jdk-24\bin\zip.dll
0x00007ffe73d10000 - 0x00007ffe74143000 	C:\Windows\System32\uiautomationcore.dll
0x00007ffe6b800000 - 0x00007ffe6b87d000 	C:\Windows\System32\OLEACC.dll
0x00007ffeb07d0000 - 0x00007ffeb0878000 	C:\Windows\System32\clbcatq.dll
0x00007ffe53530000 - 0x00007ffe535b7000 	C:\Program Files\Java\jdk-24\bin\freetype.dll
0x00007ffe41190000 - 0x00007ffe41267000 	C:\Program Files\Java\jdk-24\bin\fontmanager.dll
0x00007ffe9cdf0000 - 0x00007ffe9ce00000 	C:\Program Files\Java\jdk-24\bin\net.dll
0x00007ffeaee60000 - 0x00007ffeaeeca000 	C:\Windows\system32\mswsock.dll
0x00007ffe90010000 - 0x00007ffe90026000 	C:\Program Files\Java\jdk-24\bin\nio.dll
0x00007ffe8b550000 - 0x00007ffe8b6a0000 	C:\Windows\SYSTEM32\textinputframework.dll
0x00007ffe8f620000 - 0x00007ffe8f636000 	C:\Windows\System32\threadpoolwinrt.dll
0x00007ffeab960000 - 0x00007ffeaba85000 	C:\Windows\SYSTEM32\CoreMessaging.dll
0x00007ffea58c0000 - 0x00007ffea5ba3000 	C:\Windows\SYSTEM32\CoreUIComponents.dll
0x00007ffeaf130000 - 0x00007ffeaf13c000 	C:\Windows\SYSTEM32\CRYPTBASE.DLL

dbghelp: loaded successfully - version: 4.0.5 - missing functions: none
symbol engine: initialized successfully - sym options: 0x614 - pdb path: .;C:\Program Files\Java\jdk-24\bin;C:\Windows\SYSTEM32;C:\Windows\WinSxS\amd64_microsoft.windows.common-controls_6595b64144ccf1df_6.0.26100.4202_none_3e0698d4e335f517;C:\Program Files\Java\jdk-24\bin\server

VM Arguments:
java_command: com.estacionemaisf.EstacioneMaisF
java_class_path (initial): C:\Users\clash\OneDrive\Documentos\NetBeansProjects\EstacioneMaisF\target\classes
Launcher Type: SUN_STANDARD

[Global flags]
     intx CICompilerCount                          = 4                                         {product} {ergonomic}
     uint ConcGCThreads                            = 3                                         {product} {ergonomic}
     uint G1ConcRefinementThreads                  = 10                                        {product} {ergonomic}
   size_t G1HeapRegionSize                         = 2097152                                   {product} {ergonomic}
   size_t InitialHeapSize                          = 264241152                                 {product} {ergonomic}
   size_t MarkStackSize                            = 4194304                                   {product} {ergonomic}
   size_t MarkStackSizeMax                         = 536870912                                 {product} {ergonomic}
   size_t MaxHeapSize                              = 4213178368                                {product} {ergonomic}
   size_t MaxNewSize                               = 2527068160                                {product} {ergonomic}
   size_t MinHeapDeltaBytes                        = 2097152                                   {product} {ergonomic}
   size_t MinHeapSize                              = 8388608                                   {product} {ergonomic}
    uintx NonNMethodCodeHeapSize                   = 5832704                                {pd product} {ergonomic}
    uintx NonProfiledCodeHeapSize                  = 122945536                              {pd product} {ergonomic}
    uintx ProfiledCodeHeapSize                     = 122880000                              {pd product} {ergonomic}
    uintx ReservedCodeCacheSize                    = 251658240                              {pd product} {ergonomic}
     bool SegmentedCodeCache                       = true                                      {product} {ergonomic}
   size_t SoftMaxHeapSize                          = 4213178368                             {manageable} {ergonomic}
     bool UseCompressedOops                        = true                           {product lp64_product} {ergonomic}
     bool UseG1GC                                  = true                                      {product} {ergonomic}
     bool UseLargePagesIndividualAllocation        = false                                  {pd product} {ergonomic}

Logging:
Log output configuration:
 #0: stdout all=warning uptime,level,tags foldmultilines=false
 #1: stderr all=off uptime,level,tags foldmultilines=false

Environment Variables:
JAVA_HOME=C:\Program Files\Java\jdk-24
PATH=C:\Program Files\Common Files\Oracle\Java\javapath;C:\Windows\system32;C:\Windows;C:\Windows\System32\Wbem;C:\Windows\System32\WindowsPowerShell\v1.0\;C:\Windows\System32\OpenSSH\;C:\Program Files\dotnet\;C:\Users\clash\AppData\Local\Microsoft\WindowsApps;C:\Program Files\Java\jdk-21\bin;
USERNAME=clash
OS=Windows_NT
PROCESSOR_IDENTIFIER=Intel64 Family 6 Model 154 Stepping 4, GenuineIntel
TMP=C:\Users\clash\AppData\Local\Temp
TEMP=C:\Users\clash\AppData\Local\Temp




Periodic native trim disabled

---------------  S Y S T E M  ---------------

OS:
 Windows 11 , 64 bit Build 26100 (10.0.26100.4202)
OS uptime: 29 days 23:02 hours
Hyper-V role detected

CPU: total 12 (initial active 12) (6 cores per cpu, 2 threads per core) family 6 model 154 stepping 4 microcode 0x435, cx8, cmov, fxsr, ht, mmx, 3dnowpref, sse, sse2, sse3, ssse3, sse4.1, sse4.2, popcnt, lzcnt, tsc, tscinvbit, avx, avx2, aes, erms, clmul, bmi1, bmi2, adx, sha, fma, vzeroupper, clflush, clflushopt, clwb, hv, serialize, rdtscp, rdpid, fsrm, gfni, f16c, cet_ibt, cet_ss
Processor Information for the first 12 processors :
  Max Mhz: 1300, Current Mhz: 1300, Mhz Limit: 1300

Memory: 4k page, system-wide physical 16068M (2441M free)
TotalPageFile size 26273M (AvailPageFile size 2202M)
current process WorkingSet (physical memory assigned to process): 121M, peak: 121M
current process commit charge ("private bytes"): 364M, peak: 370M

vm_info: Java HotSpot(TM) 64-Bit Server VM (24+36-3646) for windows-amd64 JRE (24+36-3646), built on 2025-02-06T00:20:43Z with MS VC++ 17.6 (VS2022)

END.
